Traceback (most recent call last):
  File "/opt/miniconda3/lib/python3.12/site-packages/jupyter_cache/executors/utils.py", line 58, in single_nb_execution
    executenb(
  File "/opt/miniconda3/lib/python3.12/site-packages/nbclient/client.py", line 1314, in execute
    return NotebookClient(nb=nb, resources=resources, km=km, **kwargs).execute()
           ^^^^^^^^^^^^^^^^^^^^^^^^^^^^^^^^^^^^^^^^^^^^^^^^^^^^^^^^^^^^^^^^^^^^^
  File "/opt/miniconda3/lib/python3.12/site-packages/jupyter_core/utils/__init__.py", line 165, in wrapped
    return loop.run_until_complete(inner)
           ^^^^^^^^^^^^^^^^^^^^^^^^^^^^^^
  File "/opt/miniconda3/lib/python3.12/asyncio/base_events.py", line 685, in run_until_complete
    return future.result()
           ^^^^^^^^^^^^^^^
  File "/opt/miniconda3/lib/python3.12/site-packages/nbclient/client.py", line 709, in async_execute
    await self.async_execute_cell(
  File "/opt/miniconda3/lib/python3.12/site-packages/nbclient/client.py", line 1062, in async_execute_cell
    await self._check_raise_for_error(cell, cell_index, exec_reply)
  File "/opt/miniconda3/lib/python3.12/site-packages/nbclient/client.py", line 918, in _check_raise_for_error
    raise CellExecutionError.from_cell_and_msg(cell, exec_reply_content)
nbclient.exceptions.CellExecutionError: An error occurred while executing the following cell:
------------------
import keras
from keras.layers import Dense, Conv1D, Flatten, Dropout, MaxPooling1D
from sklearn.model_selection import train_test_split
import numpy as np
import pandas as pd
import matplotlib.pyplot as plt
from sklearn.metrics import r2_score

X = pd.read_csv('X.csv', index_col=0)
Y = pd.read_csv('Y.csv', index_col=0)
------------------


[0;31m---------------------------------------------------------------------------[0m
[0;31mAttributeError[0m                            Traceback (most recent call last)
Cell [0;32mIn[1], line 1[0m
[0;32m----> 1[0m [38;5;28;01mimport[39;00m [38;5;21;01mkeras[39;00m
[1;32m      2[0m [38;5;28;01mfrom[39;00m [38;5;21;01mkeras[39;00m[38;5;21;01m.[39;00m[38;5;21;01mlayers[39;00m [38;5;28;01mimport[39;00m Dense, Conv1D, Flatten, Dropout, MaxPooling1D
[1;32m      3[0m [38;5;28;01mfrom[39;00m [38;5;21;01msklearn[39;00m[38;5;21;01m.[39;00m[38;5;21;01mmodel_selection[39;00m [38;5;28;01mimport[39;00m train_test_split

File [0;32m/opt/miniconda3/lib/python3.12/site-packages/keras/__init__.py:10[0m
[1;32m      7[0m [38;5;28;01mimport[39;00m [38;5;21;01mos[39;00m
[1;32m      9[0m [38;5;66;03m# Import everything from /api/ into keras.[39;00m
[0;32m---> 10[0m [38;5;28;01mfrom[39;00m [38;5;21;01mkeras[39;00m[38;5;21;01m.[39;00m[38;5;21;01mapi[39;00m [38;5;28;01mimport[39;00m [38;5;241m*[39m  [38;5;66;03m# noqa: F403[39;00m
[1;32m     11[0m [38;5;28;01mfrom[39;00m [38;5;21;01mkeras[39;00m[38;5;21;01m.[39;00m[38;5;21;01mapi[39;00m [38;5;28;01mimport[39;00m __version__  [38;5;66;03m# Import * ignores names start with "_".[39;00m
[1;32m     13[0m [38;5;66;03m# Add everything in /api/ to the module search path.[39;00m

File [0;32m/opt/miniconda3/lib/python3.12/site-packages/keras/api/__init__.py:8[0m
[1;32m      1[0m [38;5;124;03m"""DO NOT EDIT.[39;00m
[1;32m      2[0m 
[1;32m      3[0m [38;5;124;03mThis file was autogenerated. Do not edit it by hand,[39;00m
[1;32m      4[0m [38;5;124;03msince your modifications would be overwritten.[39;00m
[1;32m      5[0m [38;5;124;03m"""[39;00m
[0;32m----> 8[0m [38;5;28;01mfrom[39;00m [38;5;21;01mkeras[39;00m[38;5;21;01m.[39;00m[38;5;21;01mapi[39;00m [38;5;28;01mimport[39;00m activations
[1;32m      9[0m [38;5;28;01mfrom[39;00m [38;5;21;01mkeras[39;00m[38;5;21;01m.[39;00m[38;5;21;01mapi[39;00m [38;5;28;01mimport[39;00m applications
[1;32m     10[0m [38;5;28;01mfrom[39;00m [38;5;21;01mkeras[39;00m[38;5;21;01m.[39;00m[38;5;21;01mapi[39;00m [38;5;28;01mimport[39;00m backend

File [0;32m/opt/miniconda3/lib/python3.12/site-packages/keras/api/activations/__init__.py:7[0m
[1;32m      1[0m [38;5;124;03m"""DO NOT EDIT.[39;00m
[1;32m      2[0m 
[1;32m      3[0m [38;5;124;03mThis file was autogenerated. Do not edit it by hand,[39;00m
[1;32m      4[0m [38;5;124;03msince your modifications would be overwritten.[39;00m
[1;32m      5[0m [38;5;124;03m"""[39;00m
[0;32m----> 7[0m [38;5;28;01mfrom[39;00m [38;5;21;01mkeras[39;00m[38;5;21;01m.[39;00m[38;5;21;01msrc[39;00m[38;5;21;01m.[39;00m[38;5;21;01mactivations[39;00m [38;5;28;01mimport[39;00m deserialize
[1;32m      8[0m [38;5;28;01mfrom[39;00m [38;5;21;01mkeras[39;00m[38;5;21;01m.[39;00m[38;5;21;01msrc[39;00m[38;5;21;01m.[39;00m[38;5;21;01mactivations[39;00m [38;5;28;01mimport[39;00m get
[1;32m      9[0m [38;5;28;01mfrom[39;00m [38;5;21;01mkeras[39;00m[38;5;21;01m.[39;00m[38;5;21;01msrc[39;00m[38;5;21;01m.[39;00m[38;5;21;01mactivations[39;00m [38;5;28;01mimport[39;00m serialize

File [0;32m/opt/miniconda3/lib/python3.12/site-packages/keras/src/__init__.py:1[0m
[0;32m----> 1[0m [38;5;28;01mfrom[39;00m [38;5;21;01mkeras[39;00m[38;5;21;01m.[39;00m[38;5;21;01msrc[39;00m [38;5;28;01mimport[39;00m activations
[1;32m      2[0m [38;5;28;01mfrom[39;00m [38;5;21;01mkeras[39;00m[38;5;21;01m.[39;00m[38;5;21;01msrc[39;00m [38;5;28;01mimport[39;00m applications
[1;32m      3[0m [38;5;28;01mfrom[39;00m [38;5;21;01mkeras[39;00m[38;5;21;01m.[39;00m[38;5;21;01msrc[39;00m [38;5;28;01mimport[39;00m backend

File [0;32m/opt/miniconda3/lib/python3.12/site-packages/keras/src/activations/__init__.py:3[0m
[1;32m      1[0m [38;5;28;01mimport[39;00m [38;5;21;01mtypes[39;00m
[0;32m----> 3[0m [38;5;28;01mfrom[39;00m [38;5;21;01mkeras[39;00m[38;5;21;01m.[39;00m[38;5;21;01msrc[39;00m[38;5;21;01m.[39;00m[38;5;21;01mactivations[39;00m[38;5;21;01m.[39;00m[38;5;21;01mactivations[39;00m [38;5;28;01mimport[39;00m elu
[1;32m      4[0m [38;5;28;01mfrom[39;00m [38;5;21;01mkeras[39;00m[38;5;21;01m.[39;00m[38;5;21;01msrc[39;00m[38;5;21;01m.[39;00m[38;5;21;01mactivations[39;00m[38;5;21;01m.[39;00m[38;5;21;01mactivations[39;00m [38;5;28;01mimport[39;00m exponential
[1;32m      5[0m [38;5;28;01mfrom[39;00m [38;5;21;01mkeras[39;00m[38;5;21;01m.[39;00m[38;5;21;01msrc[39;00m[38;5;21;01m.[39;00m[38;5;21;01mactivations[39;00m[38;5;21;01m.[39;00m[38;5;21;01mactivations[39;00m [38;5;28;01mimport[39;00m gelu

File [0;32m/opt/miniconda3/lib/python3.12/site-packages/keras/src/activations/activations.py:1[0m
[0;32m----> 1[0m [38;5;28;01mfrom[39;00m [38;5;21;01mkeras[39;00m[38;5;21;01m.[39;00m[38;5;21;01msrc[39;00m [38;5;28;01mimport[39;00m backend
[1;32m      2[0m [38;5;28;01mfrom[39;00m [38;5;21;01mkeras[39;00m[38;5;21;01m.[39;00m[38;5;21;01msrc[39;00m [38;5;28;01mimport[39;00m ops
[1;32m      3[0m [38;5;28;01mfrom[39;00m [38;5;21;01mkeras[39;00m[38;5;21;01m.[39;00m[38;5;21;01msrc[39;00m[38;5;21;01m.[39;00m[38;5;21;01mapi_export[39;00m [38;5;28;01mimport[39;00m keras_export

File [0;32m/opt/miniconda3/lib/python3.12/site-packages/keras/src/backend/__init__.py:9[0m
[1;32m      3[0m [38;5;28;01mif[39;00m backend() [38;5;241m==[39m [38;5;124m"[39m[38;5;124mtorch[39m[38;5;124m"[39m:
[1;32m      4[0m     [38;5;66;03m# When using the torch backend,[39;00m
[1;32m      5[0m     [38;5;66;03m# torch needs to be imported first, otherwise it will segfault[39;00m
[1;32m      6[0m     [38;5;66;03m# upon import.[39;00m
[1;32m      7[0m     [38;5;28;01mimport[39;00m [38;5;21;01mtorch[39;00m
[0;32m----> 9[0m [38;5;28;01mfrom[39;00m [38;5;21;01mkeras[39;00m[38;5;21;01m.[39;00m[38;5;21;01msrc[39;00m[38;5;21;01m.[39;00m[38;5;21;01mbackend[39;00m[38;5;21;01m.[39;00m[38;5;21;01mcommon[39;00m[38;5;21;01m.[39;00m[38;5;21;01mdtypes[39;00m [38;5;28;01mimport[39;00m result_type
[1;32m     10[0m [38;5;28;01mfrom[39;00m [38;5;21;01mkeras[39;00m[38;5;21;01m.[39;00m[38;5;21;01msrc[39;00m[38;5;21;01m.[39;00m[38;5;21;01mbackend[39;00m[38;5;21;01m.[39;00m[38;5;21;01mcommon[39;00m[38;5;21;01m.[39;00m[38;5;21;01mkeras_tensor[39;00m [38;5;28;01mimport[39;00m KerasTensor
[1;32m     11[0m [38;5;28;01mfrom[39;00m [38;5;21;01mkeras[39;00m[38;5;21;01m.[39;00m[38;5;21;01msrc[39;00m[38;5;21;01m.[39;00m[38;5;21;01mbackend[39;00m[38;5;21;01m.[39;00m[38;5;21;01mcommon[39;00m[38;5;21;01m.[39;00m[38;5;21;01mkeras_tensor[39;00m [38;5;28;01mimport[39;00m any_symbolic_tensors

File [0;32m/opt/miniconda3/lib/python3.12/site-packages/keras/src/backend/common/__init__.py:2[0m
[1;32m      1[0m [38;5;28;01mfrom[39;00m [38;5;21;01mkeras[39;00m[38;5;21;01m.[39;00m[38;5;21;01msrc[39;00m[38;5;21;01m.[39;00m[38;5;21;01mbackend[39;00m[38;5;21;01m.[39;00m[38;5;21;01mcommon[39;00m [38;5;28;01mimport[39;00m backend_utils
[0;32m----> 2[0m [38;5;28;01mfrom[39;00m [38;5;21;01mkeras[39;00m[38;5;21;01m.[39;00m[38;5;21;01msrc[39;00m[38;5;21;01m.[39;00m[38;5;21;01mbackend[39;00m[38;5;21;01m.[39;00m[38;5;21;01mcommon[39;00m[38;5;21;01m.[39;00m[38;5;21;01mdtypes[39;00m [38;5;28;01mimport[39;00m result_type
[1;32m      3[0m [38;5;28;01mfrom[39;00m [38;5;21;01mkeras[39;00m[38;5;21;01m.[39;00m[38;5;21;01msrc[39;00m[38;5;21;01m.[39;00m[38;5;21;01mbackend[39;00m[38;5;21;01m.[39;00m[38;5;21;01mcommon[39;00m[38;5;21;01m.[39;00m[38;5;21;01mvariables[39;00m [38;5;28;01mimport[39;00m AutocastScope
[1;32m      4[0m [38;5;28;01mfrom[39;00m [38;5;21;01mkeras[39;00m[38;5;21;01m.[39;00m[38;5;21;01msrc[39;00m[38;5;21;01m.[39;00m[38;5;21;01mbackend[39;00m[38;5;21;01m.[39;00m[38;5;21;01mcommon[39;00m[38;5;21;01m.[39;00m[38;5;21;01mvariables[39;00m [38;5;28;01mimport[39;00m KerasVariable

File [0;32m/opt/miniconda3/lib/python3.12/site-packages/keras/src/backend/common/dtypes.py:5[0m
[1;32m      3[0m [38;5;28;01mfrom[39;00m [38;5;21;01mkeras[39;00m[38;5;21;01m.[39;00m[38;5;21;01msrc[39;00m[38;5;21;01m.[39;00m[38;5;21;01mapi_export[39;00m [38;5;28;01mimport[39;00m keras_export
[1;32m      4[0m [38;5;28;01mfrom[39;00m [38;5;21;01mkeras[39;00m[38;5;21;01m.[39;00m[38;5;21;01msrc[39;00m[38;5;21;01m.[39;00m[38;5;21;01mbackend[39;00m [38;5;28;01mimport[39;00m config
[0;32m----> 5[0m [38;5;28;01mfrom[39;00m [38;5;21;01mkeras[39;00m[38;5;21;01m.[39;00m[38;5;21;01msrc[39;00m[38;5;21;01m.[39;00m[38;5;21;01mbackend[39;00m[38;5;21;01m.[39;00m[38;5;21;01mcommon[39;00m[38;5;21;01m.[39;00m[38;5;21;01mvariables[39;00m [38;5;28;01mimport[39;00m standardize_dtype
[1;32m      7[0m BOOL_TYPES [38;5;241m=[39m ([38;5;124m"[39m[38;5;124mbool[39m[38;5;124m"[39m,)
[1;32m      8[0m INT_TYPES [38;5;241m=[39m (
[1;32m      9[0m     [38;5;124m"[39m[38;5;124muint8[39m[38;5;124m"[39m,
[1;32m     10[0m     [38;5;124m"[39m[38;5;124muint16[39m[38;5;124m"[39m,
[0;32m   (...)[0m
[1;32m     16[0m     [38;5;124m"[39m[38;5;124mint64[39m[38;5;124m"[39m,
[1;32m     17[0m )

File [0;32m/opt/miniconda3/lib/python3.12/site-packages/keras/src/backend/common/variables.py:10[0m
[1;32m      8[0m [38;5;28;01mfrom[39;00m [38;5;21;01mkeras[39;00m[38;5;21;01m.[39;00m[38;5;21;01msrc[39;00m[38;5;21;01m.[39;00m[38;5;21;01mbackend[39;00m[38;5;21;01m.[39;00m[38;5;21;01mcommon[39;00m[38;5;21;01m.[39;00m[38;5;21;01mstateless_scope[39;00m [38;5;28;01mimport[39;00m get_stateless_scope
[1;32m      9[0m [38;5;28;01mfrom[39;00m [38;5;21;01mkeras[39;00m[38;5;21;01m.[39;00m[38;5;21;01msrc[39;00m[38;5;21;01m.[39;00m[38;5;21;01mbackend[39;00m[38;5;21;01m.[39;00m[38;5;21;01mcommon[39;00m[38;5;21;01m.[39;00m[38;5;21;01mstateless_scope[39;00m [38;5;28;01mimport[39;00m in_stateless_scope
[0;32m---> 10[0m [38;5;28;01mfrom[39;00m [38;5;21;01mkeras[39;00m[38;5;21;01m.[39;00m[38;5;21;01msrc[39;00m[38;5;21;01m.[39;00m[38;5;21;01mutils[39;00m[38;5;21;01m.[39;00m[38;5;21;01mmodule_utils[39;00m [38;5;28;01mimport[39;00m tensorflow [38;5;28;01mas[39;00m tf
[1;32m     11[0m [38;5;28;01mfrom[39;00m [38;5;21;01mkeras[39;00m[38;5;21;01m.[39;00m[38;5;21;01msrc[39;00m[38;5;21;01m.[39;00m[38;5;21;01mutils[39;00m[38;5;21;01m.[39;00m[38;5;21;01mnaming[39;00m [38;5;28;01mimport[39;00m auto_name
[1;32m     14[0m [38;5;28;01mclass[39;00m [38;5;21;01mKerasVariable[39;00m:

File [0;32m/opt/miniconda3/lib/python3.12/site-packages/keras/src/utils/__init__.py:12[0m
[1;32m     10[0m [38;5;28;01mfrom[39;00m [38;5;21;01mkeras[39;00m[38;5;21;01m.[39;00m[38;5;21;01msrc[39;00m[38;5;21;01m.[39;00m[38;5;21;01mutils[39;00m[38;5;21;01m.[39;00m[38;5;21;01mio_utils[39;00m [38;5;28;01mimport[39;00m enable_interactive_logging
[1;32m     11[0m [38;5;28;01mfrom[39;00m [38;5;21;01mkeras[39;00m[38;5;21;01m.[39;00m[38;5;21;01msrc[39;00m[38;5;21;01m.[39;00m[38;5;21;01mutils[39;00m[38;5;21;01m.[39;00m[38;5;21;01mio_utils[39;00m [38;5;28;01mimport[39;00m is_interactive_logging_enabled
[0;32m---> 12[0m [38;5;28;01mfrom[39;00m [38;5;21;01mkeras[39;00m[38;5;21;01m.[39;00m[38;5;21;01msrc[39;00m[38;5;21;01m.[39;00m[38;5;21;01mutils[39;00m[38;5;21;01m.[39;00m[38;5;21;01mmodel_visualization[39;00m [38;5;28;01mimport[39;00m model_to_dot
[1;32m     13[0m [38;5;28;01mfrom[39;00m [38;5;21;01mkeras[39;00m[38;5;21;01m.[39;00m[38;5;21;01msrc[39;00m[38;5;21;01m.[39;00m[38;5;21;01mutils[39;00m[38;5;21;01m.[39;00m[38;5;21;01mmodel_visualization[39;00m [38;5;28;01mimport[39;00m plot_model
[1;32m     14[0m [38;5;28;01mfrom[39;00m [38;5;21;01mkeras[39;00m[38;5;21;01m.[39;00m[38;5;21;01msrc[39;00m[38;5;21;01m.[39;00m[38;5;21;01mutils[39;00m[38;5;21;01m.[39;00m[38;5;21;01mnumerical_utils[39;00m [38;5;28;01mimport[39;00m normalize

File [0;32m/opt/miniconda3/lib/python3.12/site-packages/keras/src/utils/model_visualization.py:6[0m
[1;32m      3[0m [38;5;28;01mimport[39;00m [38;5;21;01mos[39;00m
[1;32m      4[0m [38;5;28;01mimport[39;00m [38;5;21;01msys[39;00m
[0;32m----> 6[0m [38;5;28;01mfrom[39;00m [38;5;21;01mkeras[39;00m[38;5;21;01m.[39;00m[38;5;21;01msrc[39;00m [38;5;28;01mimport[39;00m tree
[1;32m      7[0m [38;5;28;01mfrom[39;00m [38;5;21;01mkeras[39;00m[38;5;21;01m.[39;00m[38;5;21;01msrc[39;00m[38;5;21;01m.[39;00m[38;5;21;01mapi_export[39;00m [38;5;28;01mimport[39;00m keras_export
[1;32m      8[0m [38;5;28;01mfrom[39;00m [38;5;21;01mkeras[39;00m[38;5;21;01m.[39;00m[38;5;21;01msrc[39;00m[38;5;21;01m.[39;00m[38;5;21;01mutils[39;00m [38;5;28;01mimport[39;00m io_utils

File [0;32m/opt/miniconda3/lib/python3.12/site-packages/keras/src/tree/__init__.py:1[0m
[0;32m----> 1[0m [38;5;28;01mfrom[39;00m [38;5;21;01mkeras[39;00m[38;5;21;01m.[39;00m[38;5;21;01msrc[39;00m[38;5;21;01m.[39;00m[38;5;21;01mtree[39;00m[38;5;21;01m.[39;00m[38;5;21;01mtree_api[39;00m [38;5;28;01mimport[39;00m assert_same_structure
[1;32m      2[0m [38;5;28;01mfrom[39;00m [38;5;21;01mkeras[39;00m[38;5;21;01m.[39;00m[38;5;21;01msrc[39;00m[38;5;21;01m.[39;00m[38;5;21;01mtree[39;00m[38;5;21;01m.[39;00m[38;5;21;01mtree_api[39;00m [38;5;28;01mimport[39;00m flatten
[1;32m      3[0m [38;5;28;01mfrom[39;00m [38;5;21;01mkeras[39;00m[38;5;21;01m.[39;00m[38;5;21;01msrc[39;00m[38;5;21;01m.[39;00m[38;5;21;01mtree[39;00m[38;5;21;01m.[39;00m[38;5;21;01mtree_api[39;00m [38;5;28;01mimport[39;00m is_nested

File [0;32m/opt/miniconda3/lib/python3.12/site-packages/keras/src/tree/tree_api.py:6[0m
[1;32m      3[0m [38;5;28;01mfrom[39;00m [38;5;21;01mkeras[39;00m[38;5;21;01m.[39;00m[38;5;21;01msrc[39;00m[38;5;21;01m.[39;00m[38;5;21;01mutils[39;00m[38;5;21;01m.[39;00m[38;5;21;01mmodule_utils[39;00m [38;5;28;01mimport[39;00m optree
[1;32m      5[0m [38;5;28;01mif[39;00m optree[38;5;241m.[39mavailable:
[0;32m----> 6[0m     [38;5;28;01mfrom[39;00m [38;5;21;01mkeras[39;00m[38;5;21;01m.[39;00m[38;5;21;01msrc[39;00m[38;5;21;01m.[39;00m[38;5;21;01mtree[39;00m [38;5;28;01mimport[39;00m optree_impl [38;5;28;01mas[39;00m tree_impl
[1;32m      7[0m [38;5;28;01melif[39;00m dmtree[38;5;241m.[39mavailable:
[1;32m      8[0m     [38;5;28;01mfrom[39;00m [38;5;21;01mkeras[39;00m[38;5;21;01m.[39;00m[38;5;21;01msrc[39;00m[38;5;21;01m.[39;00m[38;5;21;01mtree[39;00m [38;5;28;01mimport[39;00m dmtree_impl [38;5;28;01mas[39;00m tree_impl

File [0;32m/opt/miniconda3/lib/python3.12/site-packages/keras/src/tree/optree_impl.py:17[0m
[1;32m     15[0m [38;5;66;03m# Register backend-specific node classes[39;00m
[1;32m     16[0m [38;5;28;01mif[39;00m backend() [38;5;241m==[39m [38;5;124m"[39m[38;5;124mtensorflow[39m[38;5;124m"[39m:
[0;32m---> 17[0m     [38;5;28;01mfrom[39;00m [38;5;21;01mtensorflow[39;00m[38;5;21;01m.[39;00m[38;5;21;01mpython[39;00m[38;5;21;01m.[39;00m[38;5;21;01mtrackable[39;00m[38;5;21;01m.[39;00m[38;5;21;01mdata_structures[39;00m [38;5;28;01mimport[39;00m ListWrapper
[1;32m     19[0m     optree[38;5;241m.[39mregister_pytree_node(
[1;32m     20[0m         ListWrapper,
[1;32m     21[0m         [38;5;28;01mlambda[39;00m x: (x, [38;5;28;01mNone[39;00m),
[1;32m     22[0m         [38;5;28;01mlambda[39;00m metadata, children: ListWrapper([38;5;28mlist[39m(children)),
[1;32m     23[0m         namespace[38;5;241m=[39m[38;5;124m"[39m[38;5;124mkeras[39m[38;5;124m"[39m,
[1;32m     24[0m     )
[1;32m     27[0m [38;5;28;01mdef[39;00m [38;5;21mis_nested[39m(structure):

File [0;32m/opt/miniconda3/lib/python3.12/site-packages/tensorflow/__init__.py:45[0m
[1;32m     42[0m [38;5;28;01mfrom[39;00m [38;5;21;01mtensorflow[39;00m[38;5;21;01m.[39;00m[38;5;21;01mpython[39;00m [38;5;28;01mimport[39;00m tf2 [38;5;28;01mas[39;00m _tf2
[1;32m     43[0m _tf2[38;5;241m.[39menable()
[0;32m---> 45[0m [38;5;28;01mfrom[39;00m [38;5;21;01mtensorflow[39;00m[38;5;21;01m.[39;00m[38;5;21;01m_api[39;00m[38;5;21;01m.[39;00m[38;5;21;01mv2[39;00m [38;5;28;01mimport[39;00m __internal__
[1;32m     46[0m [38;5;28;01mfrom[39;00m [38;5;21;01mtensorflow[39;00m[38;5;21;01m.[39;00m[38;5;21;01m_api[39;00m[38;5;21;01m.[39;00m[38;5;21;01mv2[39;00m [38;5;28;01mimport[39;00m __operators__
[1;32m     47[0m [38;5;28;01mfrom[39;00m [38;5;21;01mtensorflow[39;00m[38;5;21;01m.[39;00m[38;5;21;01m_api[39;00m[38;5;21;01m.[39;00m[38;5;21;01mv2[39;00m [38;5;28;01mimport[39;00m audio

File [0;32m/opt/miniconda3/lib/python3.12/site-packages/tensorflow/_api/v2/__internal__/__init__.py:8[0m
[1;32m      3[0m [38;5;124;03m"""Public API for tf._api.v2.__internal__ namespace[39;00m
[1;32m      4[0m [38;5;124;03m"""[39;00m
[1;32m      6[0m [38;5;28;01mimport[39;00m [38;5;21;01msys[39;00m [38;5;28;01mas[39;00m [38;5;21;01m_sys[39;00m
[0;32m----> 8[0m [38;5;28;01mfrom[39;00m [38;5;21;01mtensorflow[39;00m[38;5;21;01m.[39;00m[38;5;21;01m_api[39;00m[38;5;21;01m.[39;00m[38;5;21;01mv2[39;00m[38;5;21;01m.[39;00m[38;5;21;01m__internal__[39;00m [38;5;28;01mimport[39;00m autograph
[1;32m      9[0m [38;5;28;01mfrom[39;00m [38;5;21;01mtensorflow[39;00m[38;5;21;01m.[39;00m[38;5;21;01m_api[39;00m[38;5;21;01m.[39;00m[38;5;21;01mv2[39;00m[38;5;21;01m.[39;00m[38;5;21;01m__internal__[39;00m [38;5;28;01mimport[39;00m decorator
[1;32m     10[0m [38;5;28;01mfrom[39;00m [38;5;21;01mtensorflow[39;00m[38;5;21;01m.[39;00m[38;5;21;01m_api[39;00m[38;5;21;01m.[39;00m[38;5;21;01mv2[39;00m[38;5;21;01m.[39;00m[38;5;21;01m__internal__[39;00m [38;5;28;01mimport[39;00m dispatch

File [0;32m/opt/miniconda3/lib/python3.12/site-packages/tensorflow/_api/v2/__internal__/autograph/__init__.py:8[0m
[1;32m      3[0m [38;5;124;03m"""Public API for tf._api.v2.__internal__.autograph namespace[39;00m
[1;32m      4[0m [38;5;124;03m"""[39;00m
[1;32m      6[0m [38;5;28;01mimport[39;00m [38;5;21;01msys[39;00m [38;5;28;01mas[39;00m [38;5;21;01m_sys[39;00m
[0;32m----> 8[0m [38;5;28;01mfrom[39;00m [38;5;21;01mtensorflow[39;00m[38;5;21;01m.[39;00m[38;5;21;01mpython[39;00m[38;5;21;01m.[39;00m[38;5;21;01mautograph[39;00m[38;5;21;01m.[39;00m[38;5;21;01mcore[39;00m[38;5;21;01m.[39;00m[38;5;21;01mag_ctx[39;00m [38;5;28;01mimport[39;00m control_status_ctx [38;5;66;03m# line: 34[39;00m
[1;32m      9[0m [38;5;28;01mfrom[39;00m [38;5;21;01mtensorflow[39;00m[38;5;21;01m.[39;00m[38;5;21;01mpython[39;00m[38;5;21;01m.[39;00m[38;5;21;01mautograph[39;00m[38;5;21;01m.[39;00m[38;5;21;01mimpl[39;00m[38;5;21;01m.[39;00m[38;5;21;01mapi[39;00m [38;5;28;01mimport[39;00m tf_convert [38;5;66;03m# line: 493[39;00m

File [0;32m/opt/miniconda3/lib/python3.12/site-packages/tensorflow/python/autograph/core/ag_ctx.py:21[0m
[1;32m     18[0m [38;5;28;01mimport[39;00m [38;5;21;01minspect[39;00m
[1;32m     19[0m [38;5;28;01mimport[39;00m [38;5;21;01mthreading[39;00m
[0;32m---> 21[0m [38;5;28;01mfrom[39;00m [38;5;21;01mtensorflow[39;00m[38;5;21;01m.[39;00m[38;5;21;01mpython[39;00m[38;5;21;01m.[39;00m[38;5;21;01mautograph[39;00m[38;5;21;01m.[39;00m[38;5;21;01mutils[39;00m [38;5;28;01mimport[39;00m ag_logging
[1;32m     22[0m [38;5;28;01mfrom[39;00m [38;5;21;01mtensorflow[39;00m[38;5;21;01m.[39;00m[38;5;21;01mpython[39;00m[38;5;21;01m.[39;00m[38;5;21;01mutil[39;00m[38;5;21;01m.[39;00m[38;5;21;01mtf_export[39;00m [38;5;28;01mimport[39;00m tf_export
[1;32m     25[0m stacks [38;5;241m=[39m threading[38;5;241m.[39mlocal()

File [0;32m/opt/miniconda3/lib/python3.12/site-packages/tensorflow/python/autograph/utils/__init__.py:17[0m
[1;32m      1[0m [38;5;66;03m# Copyright 2016 The TensorFlow Authors. All Rights Reserved.[39;00m
[1;32m      2[0m [38;5;66;03m#[39;00m
[1;32m      3[0m [38;5;66;03m# Licensed under the Apache License, Version 2.0 (the "License");[39;00m
[0;32m   (...)[0m
[1;32m     13[0m [38;5;66;03m# limitations under the License.[39;00m
[1;32m     14[0m [38;5;66;03m# ==============================================================================[39;00m
[1;32m     15[0m [38;5;124;03m"""Utility module that contains APIs usable in the generated code."""[39;00m
[0;32m---> 17[0m [38;5;28;01mfrom[39;00m [38;5;21;01mtensorflow[39;00m[38;5;21;01m.[39;00m[38;5;21;01mpython[39;00m[38;5;21;01m.[39;00m[38;5;21;01mautograph[39;00m[38;5;21;01m.[39;00m[38;5;21;01mutils[39;00m[38;5;21;01m.[39;00m[38;5;21;01mcontext_managers[39;00m [38;5;28;01mimport[39;00m control_dependency_on_returns
[1;32m     18[0m [38;5;28;01mfrom[39;00m [38;5;21;01mtensorflow[39;00m[38;5;21;01m.[39;00m[38;5;21;01mpython[39;00m[38;5;21;01m.[39;00m[38;5;21;01mautograph[39;00m[38;5;21;01m.[39;00m[38;5;21;01mutils[39;00m[38;5;21;01m.[39;00m[38;5;21;01mmisc[39;00m [38;5;28;01mimport[39;00m alias_tensors
[1;32m     19[0m [38;5;28;01mfrom[39;00m [38;5;21;01mtensorflow[39;00m[38;5;21;01m.[39;00m[38;5;21;01mpython[39;00m[38;5;21;01m.[39;00m[38;5;21;01mautograph[39;00m[38;5;21;01m.[39;00m[38;5;21;01mutils[39;00m[38;5;21;01m.[39;00m[38;5;21;01mtensor_list[39;00m [38;5;28;01mimport[39;00m dynamic_list_append

File [0;32m/opt/miniconda3/lib/python3.12/site-packages/tensorflow/python/autograph/utils/context_managers.py:20[0m
[1;32m     17[0m [38;5;28;01mimport[39;00m [38;5;21;01mcontextlib[39;00m
[1;32m     19[0m [38;5;28;01mfrom[39;00m [38;5;21;01mtensorflow[39;00m[38;5;21;01m.[39;00m[38;5;21;01mpython[39;00m[38;5;21;01m.[39;00m[38;5;21;01mframework[39;00m [38;5;28;01mimport[39;00m ops
[0;32m---> 20[0m [38;5;28;01mfrom[39;00m [38;5;21;01mtensorflow[39;00m[38;5;21;01m.[39;00m[38;5;21;01mpython[39;00m[38;5;21;01m.[39;00m[38;5;21;01mops[39;00m [38;5;28;01mimport[39;00m tensor_array_ops
[1;32m     23[0m [38;5;28;01mdef[39;00m [38;5;21mcontrol_dependency_on_returns[39m(return_value):
[1;32m     24[0m [38;5;250m  [39m[38;5;124;03m"""Create a TF control dependency on the return values of a function.[39;00m
[1;32m     25[0m 
[1;32m     26[0m [38;5;124;03m  If the function had no return value, a no-op context is returned.[39;00m
[0;32m   (...)[0m
[1;32m     32[0m [38;5;124;03m    A context manager.[39;00m
[1;32m     33[0m [38;5;124;03m  """[39;00m

File [0;32m/opt/miniconda3/lib/python3.12/site-packages/tensorflow/python/ops/tensor_array_ops.py:36[0m
[1;32m     34[0m [38;5;28;01mfrom[39;00m [38;5;21;01mtensorflow[39;00m[38;5;21;01m.[39;00m[38;5;21;01mpython[39;00m[38;5;21;01m.[39;00m[38;5;21;01mframework[39;00m [38;5;28;01mimport[39;00m type_spec
[1;32m     35[0m [38;5;28;01mfrom[39;00m [38;5;21;01mtensorflow[39;00m[38;5;21;01m.[39;00m[38;5;21;01mpython[39;00m[38;5;21;01m.[39;00m[38;5;21;01mframework[39;00m [38;5;28;01mimport[39;00m type_spec_registry
[0;32m---> 36[0m [38;5;28;01mfrom[39;00m [38;5;21;01mtensorflow[39;00m[38;5;21;01m.[39;00m[38;5;21;01mpython[39;00m[38;5;21;01m.[39;00m[38;5;21;01mops[39;00m [38;5;28;01mimport[39;00m array_ops
[1;32m     37[0m [38;5;28;01mfrom[39;00m [38;5;21;01mtensorflow[39;00m[38;5;21;01m.[39;00m[38;5;21;01mpython[39;00m[38;5;21;01m.[39;00m[38;5;21;01mops[39;00m [38;5;28;01mimport[39;00m array_ops_stack
[1;32m     38[0m [38;5;28;01mfrom[39;00m [38;5;21;01mtensorflow[39;00m[38;5;21;01m.[39;00m[38;5;21;01mpython[39;00m[38;5;21;01m.[39;00m[38;5;21;01mops[39;00m [38;5;28;01mimport[39;00m control_flow_util

File [0;32m/opt/miniconda3/lib/python3.12/site-packages/tensorflow/python/ops/array_ops.py:22[0m
[1;32m     19[0m [38;5;28;01mimport[39;00m [38;5;21;01mnumpy[39;00m [38;5;28;01mas[39;00m [38;5;21;01mnp[39;00m
[1;32m     21[0m [38;5;28;01mfrom[39;00m [38;5;21;01mtensorflow[39;00m[38;5;21;01m.[39;00m[38;5;21;01mcore[39;00m[38;5;21;01m.[39;00m[38;5;21;01mconfig[39;00m [38;5;28;01mimport[39;00m flags
[0;32m---> 22[0m [38;5;28;01mfrom[39;00m [38;5;21;01mtensorflow[39;00m[38;5;21;01m.[39;00m[38;5;21;01mdtensor[39;00m[38;5;21;01m.[39;00m[38;5;21;01mpython[39;00m [38;5;28;01mimport[39;00m api [38;5;28;01mas[39;00m d_api
[1;32m     23[0m [38;5;28;01mfrom[39;00m [38;5;21;01mtensorflow[39;00m[38;5;21;01m.[39;00m[38;5;21;01mpython[39;00m[38;5;21;01m.[39;00m[38;5;21;01meager[39;00m [38;5;28;01mimport[39;00m context
[1;32m     24[0m [38;5;28;01mfrom[39;00m [38;5;21;01mtensorflow[39;00m[38;5;21;01m.[39;00m[38;5;21;01mpython[39;00m[38;5;21;01m.[39;00m[38;5;21;01meager[39;00m [38;5;28;01mimport[39;00m record

File [0;32m/opt/miniconda3/lib/python3.12/site-packages/tensorflow/dtensor/python/api.py:21[0m
[1;32m     18[0m [38;5;28;01mimport[39;00m [38;5;21;01mthreading[39;00m
[1;32m     19[0m [38;5;28;01mfrom[39;00m [38;5;21;01mtyping[39;00m [38;5;28;01mimport[39;00m Any, Callable, Optional, Sequence
[0;32m---> 21[0m [38;5;28;01mfrom[39;00m [38;5;21;01mtensorflow[39;00m[38;5;21;01m.[39;00m[38;5;21;01mdtensor[39;00m[38;5;21;01m.[39;00m[38;5;21;01mpython[39;00m [38;5;28;01mimport[39;00m dtensor_device
[1;32m     22[0m [38;5;28;01mfrom[39;00m [38;5;21;01mtensorflow[39;00m[38;5;21;01m.[39;00m[38;5;21;01mdtensor[39;00m[38;5;21;01m.[39;00m[38;5;21;01mpython[39;00m [38;5;28;01mimport[39;00m gen_dtensor_ops
[1;32m     23[0m [38;5;28;01mfrom[39;00m [38;5;21;01mtensorflow[39;00m[38;5;21;01m.[39;00m[38;5;21;01mdtensor[39;00m[38;5;21;01m.[39;00m[38;5;21;01mpython[39;00m [38;5;28;01mimport[39;00m layout [38;5;28;01mas[39;00m layout_lib

File [0;32m/opt/miniconda3/lib/python3.12/site-packages/tensorflow/dtensor/python/dtensor_device.py:33[0m
[1;32m     31[0m [38;5;28;01mfrom[39;00m [38;5;21;01mtensorflow[39;00m[38;5;21;01m.[39;00m[38;5;21;01mpython[39;00m[38;5;21;01m.[39;00m[38;5;21;01mframework[39;00m [38;5;28;01mimport[39;00m dtypes
[1;32m     32[0m [38;5;28;01mfrom[39;00m [38;5;21;01mtensorflow[39;00m[38;5;21;01m.[39;00m[38;5;21;01mpython[39;00m[38;5;21;01m.[39;00m[38;5;21;01mframework[39;00m [38;5;28;01mimport[39;00m ops
[0;32m---> 33[0m [38;5;28;01mfrom[39;00m [38;5;21;01mtensorflow[39;00m[38;5;21;01m.[39;00m[38;5;21;01mpython[39;00m[38;5;21;01m.[39;00m[38;5;21;01mframework[39;00m [38;5;28;01mimport[39;00m sparse_tensor
[1;32m     34[0m [38;5;28;01mfrom[39;00m [38;5;21;01mtensorflow[39;00m[38;5;21;01m.[39;00m[38;5;21;01mpython[39;00m[38;5;21;01m.[39;00m[38;5;21;01mframework[39;00m [38;5;28;01mimport[39;00m tensor_util
[1;32m     35[0m [38;5;28;01mfrom[39;00m [38;5;21;01mtensorflow[39;00m[38;5;21;01m.[39;00m[38;5;21;01mpython[39;00m[38;5;21;01m.[39;00m[38;5;21;01mutil[39;00m [38;5;28;01mimport[39;00m _pywrap_utils

File [0;32m/opt/miniconda3/lib/python3.12/site-packages/tensorflow/python/framework/sparse_tensor.py:28[0m
[1;32m     26[0m [38;5;28;01mfrom[39;00m [38;5;21;01mtensorflow[39;00m[38;5;21;01m.[39;00m[38;5;21;01mpython[39;00m[38;5;21;01m.[39;00m[38;5;21;01mframework[39;00m [38;5;28;01mimport[39;00m dtypes
[1;32m     27[0m [38;5;28;01mfrom[39;00m [38;5;21;01mtensorflow[39;00m[38;5;21;01m.[39;00m[38;5;21;01mpython[39;00m[38;5;21;01m.[39;00m[38;5;21;01mframework[39;00m [38;5;28;01mimport[39;00m ops
[0;32m---> 28[0m [38;5;28;01mfrom[39;00m [38;5;21;01mtensorflow[39;00m[38;5;21;01m.[39;00m[38;5;21;01mpython[39;00m[38;5;21;01m.[39;00m[38;5;21;01mframework[39;00m [38;5;28;01mimport[39;00m override_binary_operator
[1;32m     29[0m [38;5;28;01mfrom[39;00m [38;5;21;01mtensorflow[39;00m[38;5;21;01m.[39;00m[38;5;21;01mpython[39;00m[38;5;21;01m.[39;00m[38;5;21;01mframework[39;00m [38;5;28;01mimport[39;00m tensor
[1;32m     30[0m [38;5;28;01mfrom[39;00m [38;5;21;01mtensorflow[39;00m[38;5;21;01m.[39;00m[38;5;21;01mpython[39;00m[38;5;21;01m.[39;00m[38;5;21;01mframework[39;00m [38;5;28;01mimport[39;00m tensor_shape

File [0;32m/opt/miniconda3/lib/python3.12/site-packages/tensorflow/python/framework/override_binary_operator.py:24[0m
[1;32m     22[0m [38;5;28;01mfrom[39;00m [38;5;21;01mtensorflow[39;00m[38;5;21;01m.[39;00m[38;5;21;01mpython[39;00m[38;5;21;01m.[39;00m[38;5;21;01mframework[39;00m [38;5;28;01mimport[39;00m tensor_shape
[1;32m     23[0m [38;5;28;01mfrom[39;00m [38;5;21;01mtensorflow[39;00m[38;5;21;01m.[39;00m[38;5;21;01mpython[39;00m[38;5;21;01m.[39;00m[38;5;21;01mops[39;00m [38;5;28;01mimport[39;00m gen_math_ops
[0;32m---> 24[0m [38;5;28;01mfrom[39;00m [38;5;21;01mtensorflow[39;00m[38;5;21;01m.[39;00m[38;5;21;01mpython[39;00m[38;5;21;01m.[39;00m[38;5;21;01mops[39;00m[38;5;21;01m.[39;00m[38;5;21;01mnumpy_ops[39;00m [38;5;28;01mimport[39;00m np_dtypes
[1;32m     25[0m [38;5;28;01mfrom[39;00m [38;5;21;01mtensorflow[39;00m[38;5;21;01m.[39;00m[38;5;21;01mpython[39;00m[38;5;21;01m.[39;00m[38;5;21;01mutil[39;00m [38;5;28;01mimport[39;00m nest
[1;32m     26[0m [38;5;28;01mfrom[39;00m [38;5;21;01mtensorflow[39;00m[38;5;21;01m.[39;00m[38;5;21;01mpython[39;00m[38;5;21;01m.[39;00m[38;5;21;01mutil[39;00m [38;5;28;01mimport[39;00m traceback_utils

File [0;32m/opt/miniconda3/lib/python3.12/site-packages/tensorflow/python/ops/numpy_ops/np_dtypes.py:30[0m
[1;32m     26[0m bool_ [38;5;241m=[39m np[38;5;241m.[39mbool_
[1;32m     27[0m tf_export[38;5;241m.[39mtf_export([38;5;124m'[39m[38;5;124mexperimental.numpy.bool_[39m[38;5;124m'[39m, v1[38;5;241m=[39m[])[38;5;241m.[39mexport_constant(
[1;32m     28[0m     [38;5;18m__name__[39m, [38;5;124m'[39m[38;5;124mbool_[39m[38;5;124m'[39m
[1;32m     29[0m )
[0;32m---> 30[0m complex_ [38;5;241m=[39m [43mnp[49m[38;5;241;43m.[39;49m[43mcomplex_[49m
[1;32m     31[0m tf_export[38;5;241m.[39mtf_export([38;5;124m'[39m[38;5;124mexperimental.numpy.complex_[39m[38;5;124m'[39m, v1[38;5;241m=[39m[])[38;5;241m.[39mexport_constant(
[1;32m     32[0m     [38;5;18m__name__[39m, [38;5;124m'[39m[38;5;124mcomplex_[39m[38;5;124m'[39m
[1;32m     33[0m )
[1;32m     34[0m complex128 [38;5;241m=[39m np[38;5;241m.[39mcomplex128

File [0;32m/opt/miniconda3/lib/python3.12/site-packages/numpy/__init__.py:400[0m, in [0;36m__getattr__[0;34m(attr)[0m
[1;32m    397[0m     [38;5;28;01mraise[39;00m [38;5;167;01mAttributeError[39;00m(__former_attrs__[attr], name[38;5;241m=[39m[38;5;28;01mNone[39;00m)
[1;32m    399[0m [38;5;28;01mif[39;00m attr [38;5;129;01min[39;00m __expired_attributes__:
[0;32m--> 400[0m     [38;5;28;01mraise[39;00m [38;5;167;01mAttributeError[39;00m(
[1;32m    401[0m         [38;5;124mf[39m[38;5;124m"[39m[38;5;124m`np.[39m[38;5;132;01m{[39;00mattr[38;5;132;01m}[39;00m[38;5;124m` was removed in the NumPy 2.0 release. [39m[38;5;124m"[39m
[1;32m    402[0m         [38;5;124mf[39m[38;5;124m"[39m[38;5;132;01m{[39;00m__expired_attributes__[attr][38;5;132;01m}[39;00m[38;5;124m"[39m,
[1;32m    403[0m         name[38;5;241m=[39m[38;5;28;01mNone[39;00m
[1;32m    404[0m     )
[1;32m    406[0m [38;5;28;01mif[39;00m attr [38;5;241m==[39m [38;5;124m"[39m[38;5;124mchararray[39m[38;5;124m"[39m:
[1;32m    407[0m     warnings[38;5;241m.[39mwarn(
[1;32m    408[0m         [38;5;124m"[39m[38;5;124m`np.chararray` is deprecated and will be removed from [39m[38;5;124m"[39m
[1;32m    409[0m         [38;5;124m"[39m[38;5;124mthe main namespace in the future. Use an array with a string [39m[38;5;124m"[39m
[1;32m    410[0m         [38;5;124m"[39m[38;5;124mor bytes dtype instead.[39m[38;5;124m"[39m, [38;5;167;01mDeprecationWarning[39;00m, stacklevel[38;5;241m=[39m[38;5;241m2[39m)

[0;31mAttributeError[0m: `np.complex_` was removed in the NumPy 2.0 release. Use `np.complex128` instead.

